2025-11-22T15:02:31Z;user=alice;ip=192.168.1.5;status=FAIL;reason=bad_password
2025-11-22T15:03:04Z;user=maroua;ip=10.0.0.22;status=SUCCESS;reason=valid
2025-11-22T15:04:12Z;user=bob;ip=192.168.1.9;status=FAIL;reason=unknown_user
2025-11-22T15:05:01Z;user=maroua;ip=10.0.0.22;status=FAIL;reason=bad_password
2025-11-22T15:05:20Z;user=alice;ip=192.168.1.5;status=FAIL;reason=bad_password
2025-11-22 18:52:1 INFO Test log line 1
2025-11-22 18:52:2 INFO Test log line 2
2025-11-22 18:52:3 INFO Test log line 3
2025-11-22 18:52:4 INFO Test log line 4
2025-11-22 18:52:5 INFO Test log line 5
2025-11-22 18:52:6 INFO Test log line 6
2025-11-22 18:52:7 INFO Test log line 7
2025-11-22 18:52:8 INFO Test log line 8
2025-11-22 18:52:9 INFO Test log line 9
2025-11-22 18:52:10 INFO Test log line 10
2025-11-22 18:52:11 INFO Test log line 11
2025-11-22 18:52:12 INFO Test log line 12
2025-11-22 18:52:13 INFO Test log line 13
2025-11-22 18:52:14 INFO Test log line 14
2025-11-22 18:52:15 INFO Test log line 15
2025-11-22 18:52:16 INFO Test log line 16
2025-11-22 18:52:17 INFO Test log line 17
2025-11-22 18:52:18 INFO Test log line 18
2025-11-22 18:52:19 INFO Test log line 19
2025-11-22 18:52:20 INFO Test log line 20
2025-11-22 18:52:21 INFO Test log line 21
2025-11-22 18:52:22 INFO Test log line 22
2025-11-22 18:52:23 INFO Test log line 23
2025-11-22 18:52:24 INFO Test log line 24
2025-11-22 18:52:25 INFO Test log line 25
2025-11-22 18:52:26 INFO Test log line 26
2025-11-22 18:52:27 INFO Test log line 27
2025-11-22 18:52:28 INFO Test log line 28
2025-11-22 18:52:29 INFO Test log line 29
2025-11-22 18:52:30 INFO Test log line 30
2025-11-22 18:52:31 INFO Test log line 31
2025-11-22 18:52:32 INFO Test log line 32
2025-11-22 18:52:33 INFO Test log line 33
2025-11-22 18:52:34 INFO Test log line 34
2025-11-22 18:52:35 INFO Test log line 35
2025-11-22 18:52:36 INFO Test log line 36
2025-11-22 18:52:37 INFO Test log line 37
2025-11-22 18:52:38 INFO Test log line 38
2025-11-22 18:52:39 INFO Test log line 39
2025-11-22 18:52:40 INFO Test log line 40
2025-11-22 18:52:41 INFO Test log line 41
2025-11-22 18:52:42 INFO Test log line 42
2025-11-22 18:52:43 INFO Test log line 43
2025-11-22 18:52:44 INFO Test log line 44
2025-11-22 18:52:45 INFO Test log line 45
2025-11-22 18:52:46 INFO Test log line 46
2025-11-22 18:52:47 INFO Test log line 47
2025-11-22 18:52:48 INFO Test log line 48
2025-11-22 18:52:49 INFO Test log line 49
2025-11-22 18:52:50 INFO Test log line 50
test log 1
test log 1
test log 1
